TAP version 13
# Subtest: local e2e: workbench boots with COOP/COEP and CheerpX 1.3.0 runs `tree --version`
ok 1 - local e2e: workbench boots with COOP/COEP and CheerpX 1.3.0 runs `tree --version` # SKIP browser-commander / playwright not installed; skipping local e2e
  ---
  duration_ms: 7.117802
  ...
# Subtest: local e2e: workbench surfaces the warm disk manifest
ok 2 - local e2e: workbench surfaces the warm disk manifest # SKIP browser-commander / playwright not installed
  ---
  duration_ms: 1.036597
  ...
1..2
# tests 2
# suites 0
# pass 0
# fail 0
# cancelled 0
# skipped 2
# todo 0
# duration_ms 186.915028
