TAP version 13
# Subtest: boot shell: index.html mounts directly into <body> with no custom UI overlay
ok 1 - boot shell: index.html mounts directly into <body> with no custom UI overlay
  ---
  duration_ms: 6.291234
  ...
# Subtest: boot shell: index.html references workbench config meta
ok 2 - boot shell: index.html references workbench config meta
  ---
  duration_ms: 0.704382
  ...
# Subtest: boot shell: console filter runs before VS Code loader
ok 3 - boot shell: console filter runs before VS Code loader
  ---
  duration_ms: 0.611854
  ...
# Subtest: boot shell: workbench config preinstalls our two extensions
ok 4 - boot shell: workbench config preinstalls our two extensions
  ---
  duration_ms: 0.497162
  ...
# Subtest: boot shell: index.html points to vendored vscode-web bundle
ok 5 - boot shell: index.html points to vendored vscode-web bundle
  ---
  duration_ms: 0.507437
  ...
# Subtest: boot shell: glue modules exist
ok 6 - boot shell: glue modules exist
  ---
  duration_ms: 1.752036
  ...
# Subtest: boot shell: extensions are present with package.json + extension.js
ok 7 - boot shell: extensions are present with package.json + extension.js
  ---
  duration_ms: 0.827385
  ...
# Subtest: boot shell: webvm-host package.json declares web extensionKind
ok 8 - boot shell: webvm-host package.json declares web extensionKind
  ---
  duration_ms: 1.455343
  ...
# Subtest: boot shell: rust-analyzer-web package.json declares rust language
ok 9 - boot shell: rust-analyzer-web package.json declares rust language
  ---
  duration_ms: 1.657465
  ...
# Subtest: boot shell: service worker synthesises COOP/COEP headers (require-corp for same-origin disk)
ok 10 - boot shell: service worker synthesises COOP/COEP headers (require-corp for same-origin disk)
  ---
  duration_ms: 0.82333
  ...
# Subtest: boot shell: build script vendors vscode-web@1.91.1 + cheerpx 1.3.0
ok 11 - boot shell: build script vendors vscode-web@1.91.1 + cheerpx 1.3.0
  ---
  duration_ms: 0.68941
  ...
# Subtest: boot shell: workbench bootstrap provides process.env for browserified dependencies
ok 12 - boot shell: workbench bootstrap provides process.env for browserified dependencies
  ---
  duration_ms: 0.705824
  ...
# Subtest: boot shell: rendered index keeps the browser process.env shim
ok 13 - boot shell: rendered index keeps the browser process.env shim
  ---
  duration_ms: 1.112942
  ...
# Subtest: boot shell: webvm-host extension shows a "Booting Linux VM" banner
ok 14 - boot shell: webvm-host extension shows a "Booting Linux VM" banner
  ---
  duration_ms: 0.680696
  ...
# Subtest: boot shell: webvm-host auto-opens a terminal on activation
ok 15 - boot shell: webvm-host auto-opens a terminal on activation
  ---
  duration_ms: 0.646825
  ...
# Subtest: boot shell: webvm-host auto-opens src/main.rs on activation
ok 16 - boot shell: webvm-host auto-opens src/main.rs on activation
  ---
  duration_ms: 0.732354
  ...
# Subtest: boot shell: webvm-host forwards page-side fs.change events to VS Code
ok 17 - boot shell: webvm-host forwards page-side fs.change events to VS Code
  ---
  duration_ms: 0.643991
  ...
# Subtest: boot shell: workspace-fs seeds a root Cargo project
ok 18 - boot shell: workspace-fs seeds a root Cargo project
  ---
  duration_ms: 1.551376
  ...
# Subtest: boot shell: webvm-server mirrors workspace through a quiet DataDevice script
ok 19 - boot shell: webvm-server mirrors workspace through a quiet DataDevice script
  ---
  duration_ms: 1.243487
  ...
# Subtest: boot shell: boot.js wires guest debug logs for ?debug routes
ok 20 - boot shell: boot.js wires guest debug logs for ?debug routes
  ---
  duration_ms: 0.853204
  ...
# Subtest: boot shell: boot.js passes CheerpX DataDevice to the WebVM server
ok 21 - boot shell: boot.js passes CheerpX DataDevice to the WebVM server
  ---
  duration_ms: 0.804351
  ...
# Subtest: boot shell: webvm-server normalises bare LF to CRLF before broadcasting stdout
ok 22 - boot shell: webvm-server normalises bare LF to CRLF before broadcasting stdout
  ---
  duration_ms: 0.77675
  ...
# Subtest: boot shell: boot.js stages workspace-only server before VM is up
ok 23 - boot shell: boot.js stages workspace-only server before VM is up
  ---
  duration_ms: 0.642169
  ...
# Subtest: boot shell: disk manifest carries an Alpine warm image entry staged for Pages
ok 24 - boot shell: disk manifest carries an Alpine warm image entry staged for Pages
  ---
  duration_ms: 1.901921
  ...
# Subtest: boot shell: rust-analyzer-web does not probe a missing WASM unless package metadata opts in
ok 25 - boot shell: rust-analyzer-web does not probe a missing WASM unless package metadata opts in
  ---
  duration_ms: 2.151362
  ...
# Subtest: boot shell: Dockerfile.disk uses Alpine and pre-bakes root hello-world
ok 26 - boot shell: Dockerfile.disk uses Alpine and pre-bakes root hello-world
  ---
  duration_ms: 0.779985
  ...
# Subtest: boot shell: disk-image workflow e2e verifies tree, cargo, and cargo run output
ok 27 - boot shell: disk-image workflow e2e verifies tree, cargo, and cargo run output
  ---
  duration_ms: 0.466527
  ...
# Subtest: boot shell: pages workflow deploys to GitHub Pages on main
ok 28 - boot shell: pages workflow deploys to GitHub Pages on main
  ---
  duration_ms: 0.589911
  ...
# Subtest: boot shell: warm disk staging fails closed by default
ok 29 - boot shell: warm disk staging fails closed by default
  ---
  duration_ms: 0.597582
  ...
# Subtest: boot shell: disk-image workflow exists and triggers on workflow_dispatch
ok 30 - boot shell: disk-image workflow exists and triggers on workflow_dispatch
  ---
  duration_ms: 0.484143
  ...
# Subtest: boot shell: disk-image workflow auto-publishes to disk-latest on push to main
ok 31 - boot shell: disk-image workflow auto-publishes to disk-latest on push to main
  ---
  duration_ms: 0.500328
  ...
1..31
# tests 31
# suites 0
# pass 31
# fail 0
# cancelled 0
# skipped 0
# todo 0
# duration_ms 88.089199
