.cargo_vcs_info.json
.github/workflows/disk-image.yml
.github/workflows/pages.yml
.github/workflows/release.yml
.gitignore
.gitkeep
.pre-commit-config.yaml
CHANGELOG.md
CONTRIBUTING.md
Cargo.lock
Cargo.toml
Cargo.toml.orig
LICENSE
README.md
changelog.d/20251227_224645_changeset_support.md
changelog.d/20251229_143823_fix_ci_workflow_dependencies.md
changelog.d/20251231_115800_fix_readme_script_references.md
changelog.d/20260107_apply_best_practices.md
changelog.d/20260108_171124_fix_changelog_check.md
changelog.d/20260108_171435_prevent_manual_version_modification.md
changelog.d/20260108_apply_lino_objects_codec_fixes.md
changelog.d/20260111_multi_language_support.md
changelog.d/20260119_best_practices_from_browser_commander.md
changelog.d/20260311_translate_scripts_to_rust.md
changelog.d/20260413-ci-cd-best-practices.md
changelog.d/20260413_fix_cargo_token_fallback.md
changelog.d/20260413_fix_crates_io_check.md
changelog.d/20260413_fix_lookahead_regex.md
changelog.d/20260414_fix_per_commit_diff.md
changelog.d/20260415_fix_workspace_release_scripts.md
changelog.d/20260428_120000_web_box_foundation.md
changelog.d/20260428_213000_web_box_full_mvp.md
changelog.d/20260428_220000_web_box_full_vision.md
changelog.d/20260428_223000_web_box_workspace_fs.md
changelog.d/20260429_103000_web_box_terminal_crlf.md
changelog.d/20260429_171849_issue_3_pages_deploy_fix.md
changelog.d/20260429_181448_issue_5_cheerpx_vm_boot.md
changelog.d/20260429_202318_issue_7_coi_bootstrap.md
changelog.d/20260430_000000_issue_9_pages_disk_staging.md
changelog.d/20260430_052602_issue_11_quiet_workspace_prime.md
changelog.d/20260430_061723_issue_13_usable_web_box.md
changelog.d/20260501_060433_issue_15_real_e2e_tests.md
changelog.d/20260502_071344_issue_19_console_cleanup.md
changelog.d/20260502_103528_issue_21_workspace_sync.md
changelog.d/20260509_044903_issue_25_target_metadata.md
changelog.d/20260509_073000_issue_27_terminal_and_sync_regressions.md
changelog.d/20260509_203000_issue_29_target_refresh_and_command_save.md
changelog.d/20260510_110000_issue_31_repeated_cargo_run.md
changelog.d/README.md
docs/architecture.md
docs/case-studies/issue-11/README.md
docs/case-studies/issue-11/analysis-terminal-noise.md
docs/case-studies/issue-11/evidence/build-workbench.log
docs/case-studies/issue-11/evidence/cargo-clippy.log
docs/case-studies/issue-11/evidence/cargo-fmt-check.log
docs/case-studies/issue-11/evidence/cargo-test.log
docs/case-studies/issue-11/evidence/check-file-size.log
docs/case-studies/issue-11/evidence/focused-after.log
docs/case-studies/issue-11/evidence/focused-before.log
docs/case-studies/issue-11/evidence/focused-current.log
docs/case-studies/issue-11/evidence/git-diff-check.log
docs/case-studies/issue-11/evidence/issue-11-comments.json
docs/case-studies/issue-11/evidence/issue-11.json
docs/case-studies/issue-11/evidence/pr-12-initial.json
docs/case-studies/issue-11/evidence/related-prs-cheerpx-webvm.json
docs/case-studies/issue-11/evidence/related-prs-terminal-noise.json
docs/case-studies/issue-11/evidence/related-prs-workspace-terminal.json
docs/case-studies/issue-11/evidence/reported-terminal-transcript.md
docs/case-studies/issue-11/evidence/web-tests.log
docs/case-studies/issue-11/online-research.md
docs/case-studies/issue-13/README.md
docs/case-studies/issue-13/issue-comments.json
docs/case-studies/issue-13/issue-screenshot.png
docs/case-studies/issue-13/issue.json
docs/case-studies/issue-13/online-research.md
docs/case-studies/issue-13/pr-14-review-comments.json
docs/case-studies/issue-13/pr-14-reviews.json
docs/case-studies/issue-13/pr-14.json
docs/case-studies/issue-13/verification/build-workbench.log
docs/case-studies/issue-13/verification/cargo-clippy.log
docs/case-studies/issue-13/verification/cargo-fmt-check.log
docs/case-studies/issue-13/verification/cargo-test.log
docs/case-studies/issue-13/verification/check-file-size.log
docs/case-studies/issue-13/verification/ci-build-disk-image-25151344650-failed.log
docs/case-studies/issue-13/verification/git-diff-check.log
docs/case-studies/issue-13/verification/local-smoke.png
docs/case-studies/issue-13/verification/playwright-console-errors.log
docs/case-studies/issue-13/verification/playwright-console.log
docs/case-studies/issue-13/verification/playwright-snapshot.md
docs/case-studies/issue-13/verification/web-tests.log
docs/case-studies/issue-15/README.md
docs/case-studies/issue-15/evidence/issue-comments.json
docs/case-studies/issue-15/evidence/issue.json
docs/case-studies/issue-15/evidence/pr-16.json
docs/case-studies/issue-15/playwright-logs/01-console-errors.log
docs/case-studies/issue-15/playwright-logs/01-console-warnings.log
docs/case-studies/issue-15/playwright-logs/01-network-cheerpx.txt
docs/case-studies/issue-15/playwright-logs/01-runtime-state.json
docs/case-studies/issue-15/playwright-logs/02-console-errors-after-30s.log
docs/case-studies/issue-15/playwright-logs/03-cx-130-load-test.json
docs/case-studies/issue-15/playwright-logs/04-cx-130-run-test.json
docs/case-studies/issue-15/playwright-logs/06-cx-130-tree-test.json
docs/case-studies/issue-15/playwright-logs/07-cx-130-prebuilt-hello.json
docs/case-studies/issue-15/screenshots/01-live-after-12s.png
docs/case-studies/issue-15/screenshots/02-live-after-30s-stuck.png
docs/case-studies/issue-15/upstream-issues/README.md
docs/case-studies/issue-15/verification/local-e2e-hard-fail-no-disk.log
docs/case-studies/issue-15/verification/local-e2e-soft-skip.log
docs/case-studies/issue-15/verification/web-tests.log
docs/case-studies/issue-17/README.md
docs/case-studies/issue-17/evidence/ci-run-25212429146.json
docs/case-studies/issue-17/evidence/issue-comments.json
docs/case-studies/issue-17/evidence/issue.json
docs/case-studies/issue-17/playwright-logs/01-cargo-run-wedge-console.log
docs/case-studies/issue-17/screenshots/01-live-after-cargo-run-hang.png
docs/case-studies/issue-17/upstream-issues/README.md
docs/case-studies/issue-19/README.md
docs/case-studies/issue-19/evidence/cheerpx-a4-a1-search.json
docs/case-studies/issue-19/evidence/cheerpx-advisory-locking-search.json
docs/case-studies/issue-19/evidence/issue-19-comments.json
docs/case-studies/issue-19/evidence/issue-19-console.png
docs/case-studies/issue-19/evidence/issue-19.json
docs/case-studies/issue-19/evidence/npm-cheerpx-1.3.0.json
docs/case-studies/issue-19/evidence/npm-debug.json
docs/case-studies/issue-19/evidence/npm-log-lazy.json
docs/case-studies/issue-19/evidence/npm-vscode-web-1.91.1.json
docs/case-studies/issue-19/evidence/pr-20.json
docs/case-studies/issue-19/evidence/upstream-cheerpx-issue-url.txt
docs/case-studies/issue-19/evidence/upstream-vscode-web-issue-url.txt
docs/case-studies/issue-19/evidence/vscode-web-sourcemap-search.json
docs/case-studies/issue-19/upstream-cheerpx-advisory-locking.md
docs/case-studies/issue-19/upstream-vscode-web-source-maps.md
docs/case-studies/issue-19/verification/browser-console.log
docs/case-studies/issue-19/verification/browser-sanity.png
docs/case-studies/issue-19/verification/build-workbench-full.log
docs/case-studies/issue-19/verification/build-workbench-skip.log
docs/case-studies/issue-19/verification/cargo-clippy.log
docs/case-studies/issue-19/verification/cargo-fmt-check.log
docs/case-studies/issue-19/verification/cargo-test-verbose.log
docs/case-studies/issue-19/verification/check-file-size-fallback.log
docs/case-studies/issue-19/verification/check-file-size.log
docs/case-studies/issue-19/verification/web-node-tests.log
docs/case-studies/issue-21/README.md
docs/case-studies/issue-21/focused-after.log
docs/case-studies/issue-21/focused-before.log
docs/case-studies/issue-21/issue-21-comments.json
docs/case-studies/issue-21/issue-21.json
docs/case-studies/issue-21/issue-screenshot.png
docs/case-studies/issue-21/online-research.md
docs/case-studies/issue-21/pr-22.json
docs/case-studies/issue-21/related-prs-workspace-webvm.json
docs/case-studies/issue-21/verification/bash-sync-hook-syntax.log
docs/case-studies/issue-21/verification/cargo-clippy.log
docs/case-studies/issue-21/verification/cargo-fmt-check.log
docs/case-studies/issue-21/verification/cargo-test.log
docs/case-studies/issue-21/verification/check-changelog-fragment.log
docs/case-studies/issue-21/verification/check-file-size.log
docs/case-studies/issue-21/verification/check-version-modification.log
docs/case-studies/issue-21/verification/focused-after-hardening.log
docs/case-studies/issue-21/verification/git-diff-check.log
docs/case-studies/issue-21/verification/local-pages-e2e.log
docs/case-studies/issue-21/verification/node-web-tests.log
docs/case-studies/issue-23/README.md
docs/case-studies/issue-23/logs/cicd-25247728281.log
docs/case-studies/issue-23/logs/cicd-25261258719.log
docs/case-studies/issue-23/logs/pages-25261258721.log
docs/case-studies/issue-23/logs/pages-success-25261313682.log
docs/case-studies/issue-25/README.md
docs/case-studies/issue-25/evidence/issue-25-comments.json
docs/case-studies/issue-25/evidence/issue-25.json
docs/case-studies/issue-25/evidence/pr-26-conversation-comments.json
docs/case-studies/issue-25/evidence/pr-26-review-comments.json
docs/case-studies/issue-25/evidence/pr-26-reviews.json
docs/case-studies/issue-25/evidence/pr-26.json
docs/case-studies/issue-25/online-research.md
docs/case-studies/issue-25/screenshots/local-target-visible.png
docs/case-studies/issue-25/screenshots/rust-web-box-target-hidden.png
docs/case-studies/issue-25/verification/bash-sync-hook-syntax.log
docs/case-studies/issue-25/verification/cargo-build-release.log
docs/case-studies/issue-25/verification/cargo-clippy.log
docs/case-studies/issue-25/verification/cargo-doc-test.log
docs/case-studies/issue-25/verification/cargo-fmt-check.log
docs/case-studies/issue-25/verification/cargo-package-list.log
docs/case-studies/issue-25/verification/cargo-test.log
docs/case-studies/issue-25/verification/check-changelog-fragment.log
docs/case-studies/issue-25/verification/check-file-size.log
docs/case-studies/issue-25/verification/check-version-modification.log
docs/case-studies/issue-25/verification/focused-after.log
docs/case-studies/issue-25/verification/focused-before.log
docs/case-studies/issue-25/verification/git-diff-check.log
docs/case-studies/issue-25/verification/node-web-tests.log
docs/case-studies/issue-27/README.md
docs/case-studies/issue-27/evidence/issue-27-comments.json
docs/case-studies/issue-27/evidence/issue-27.json
docs/case-studies/issue-27/evidence/pr-26-context.json
docs/case-studies/issue-27/evidence/pr-28-conversation-comments.json
docs/case-studies/issue-27/evidence/pr-28-review-comments.json
docs/case-studies/issue-27/evidence/pr-28-reviews.json
docs/case-studies/issue-27/evidence/pr-28.json
docs/case-studies/issue-27/online-research.md
docs/case-studies/issue-27/screenshots/issue-27-report.png
docs/case-studies/issue-27/verification/local-tests.log
docs/case-studies/issue-29/README.md
docs/case-studies/issue-29/evidence/bash-sync-hook-syntax.log
docs/case-studies/issue-29/evidence/cargo-clippy.log
docs/case-studies/issue-29/evidence/cargo-fmt-check.log
docs/case-studies/issue-29/evidence/cargo-test-all-features.log
docs/case-studies/issue-29/evidence/cargo-test-doc.log
docs/case-studies/issue-29/evidence/check-changelog-fragment.log
docs/case-studies/issue-29/evidence/check-file-size.log
docs/case-studies/issue-29/evidence/check-version-modification.log
docs/case-studies/issue-29/evidence/focused-web-tests.log
docs/case-studies/issue-29/evidence/git-diff-check.log
docs/case-studies/issue-29/evidence/issue-29-comments.json
docs/case-studies/issue-29/evidence/issue-29.json
docs/case-studies/issue-29/evidence/local-pages-e2e-repro.log
docs/case-studies/issue-29/evidence/node-web-tests.log
docs/case-studies/issue-29/evidence/pr-30-conversation-comments.json
docs/case-studies/issue-29/evidence/pr-30-review-comments.json
docs/case-studies/issue-29/evidence/pr-30-reviews.json
docs/case-studies/issue-29/evidence/pr-30.json
docs/case-studies/issue-29/online-research.md
docs/case-studies/issue-29/raw/issue-29-screenshot.png
docs/case-studies/issue-3/README.md
docs/case-studies/issue-3/analysis-coop-coep.md
docs/case-studies/issue-3/analysis-disk-cors.md
docs/case-studies/issue-3/analysis-extension-base-path.md
docs/case-studies/issue-3/evidence/dom-snapshot-12s.yml
docs/case-studies/issue-3/evidence/dom-snapshot-first-load.yml
docs/case-studies/issue-3/online-research.md
docs/case-studies/issue-3/screenshots/after-fix.png
docs/case-studies/issue-3/screenshots/issue-3-original.png
docs/case-studies/issue-3/screenshots/repro-first-load.png
docs/case-studies/issue-31/README.md
docs/case-studies/issue-31/evidence/issue-31-comments.json
docs/case-studies/issue-31/evidence/issue-31.json
docs/case-studies/issue-31/evidence/live-console-after-repro.log
docs/case-studies/issue-31/evidence/live-console-after-timeout.log
docs/case-studies/issue-31/evidence/live-console-events.log
docs/case-studies/issue-31/evidence/live-console-lean-profile-probe.log
docs/case-studies/issue-31/evidence/pr-32-conversation-comments.json
docs/case-studies/issue-31/evidence/pr-32-review-comments.json
docs/case-studies/issue-31/evidence/pr-32-reviews.json
docs/case-studies/issue-31/evidence/pr-32.json
docs/case-studies/issue-31/online-research.md
docs/case-studies/issue-31/raw/chrome-console.png
docs/case-studies/issue-31/raw/safari-console.png
docs/case-studies/issue-31/verification/cargo-clippy.log
docs/case-studies/issue-31/verification/cargo-fmt-all.log
docs/case-studies/issue-31/verification/cargo-fmt.log
docs/case-studies/issue-31/verification/cargo-package-list.log
docs/case-studies/issue-31/verification/cargo-test-doc.log
docs/case-studies/issue-31/verification/cargo-test.log
docs/case-studies/issue-31/verification/check-changelog-fragment.log
docs/case-studies/issue-31/verification/check-file-size.log
docs/case-studies/issue-31/verification/check-version-modification.log
docs/case-studies/issue-31/verification/disk-staging-after-fix.log
docs/case-studies/issue-31/verification/git-diff-check.log
docs/case-studies/issue-31/verification/node-web-tests.log
docs/case-studies/issue-31/verification/webvm-server-after-fix.log
docs/case-studies/issue-31/verification/webvm-server-before-fix.log
docs/case-studies/issue-32/README.md
docs/case-studies/issue-34/README.md
docs/case-studies/issue-5/README.md
docs/case-studies/issue-5/analysis-cheerpx-wasm.md
docs/case-studies/issue-5/analysis-rust-analyzer-wasm.md
docs/case-studies/issue-5/analysis-vscode-config-noise.md
docs/case-studies/issue-5/evidence/dom-snapshot-15s.yml
docs/case-studies/issue-5/evidence/network-requests.txt
docs/case-studies/issue-5/online-research.md
docs/case-studies/issue-5/screenshots/repro-first-load.png
docs/case-studies/issue-7/README.md
docs/case-studies/issue-7/analysis-coop-coep-bootstrap.md
docs/case-studies/issue-7/analysis-vscode-noise.md
docs/case-studies/issue-7/evidence/console-after-fix-local.txt
docs/case-studies/issue-7/evidence/console-first-load.txt
docs/case-studies/issue-7/evidence/network-requests.txt
docs/case-studies/issue-7/online-research.md
docs/case-studies/issue-7/screenshots/after-fix-local.png
docs/case-studies/issue-7/screenshots/repro-first-load.png
docs/case-studies/issue-9/README.md
docs/case-studies/issue-9/evidence/build-workbench.log
docs/case-studies/issue-9/evidence/cargo-clippy.log
docs/case-studies/issue-9/evidence/cargo-fmt-check.log
docs/case-studies/issue-9/evidence/cargo-test.log
docs/case-studies/issue-9/evidence/check-file-size.log
docs/case-studies/issue-9/evidence/git-diff-check.log
docs/case-studies/issue-9/evidence/issue-9-comments.json
docs/case-studies/issue-9/evidence/issue-9.json
docs/case-studies/issue-9/evidence/playwright-console-after.log
docs/case-studies/issue-9/evidence/pr-10-initial.json
docs/case-studies/issue-9/evidence/targeted-tests.log
docs/case-studies/issue-9/evidence/web-tests.log
docs/case-studies/issue-9/evidence/webvm-WebVM.svelte
docs/case-studies/issue-9/evidence/webvm-deploy.yml
docs/case-studies/issue-9/online-research.md
docs/case-studies/issue-9/screenshots/after-fix-local.png
docs/case-studies/issue-9/screenshots/issue-9-console-boot.png
docs/case-studies/issue-9/screenshots/issue-9-terminal-exit.png
docs/ci-cd/troubleshooting.md
docs/screenshots/boot-vm-ready.png
examples/basic_usage.rs
experiments/cx-130-alpine-narrow5.mjs
experiments/cx-130-bisect-trace-bus-skip.mjs
experiments/e2e-debug-bootstrap.mjs
experiments/test-changelog-parsing.rs
experiments/test-crates-io-check.rs
experiments/test-detect-code-changes.sh
experiments/test-version-check-dependencies.sh
experiments/test-version-check.sh
scripts/bump-version.rs
scripts/check-changelog-fragment.rs
scripts/check-file-size.rs
scripts/check-release-needed.rs
scripts/check-version-modification.rs
scripts/collect-changelog.rs
scripts/create-changelog-fragment.rs
scripts/create-github-release.rs
scripts/detect-code-changes.rs
scripts/get-bump-type.rs
scripts/get-version.rs
scripts/git-config.rs
scripts/publish-crate.rs
scripts/rust-paths.rs
scripts/version-and-commit.rs
src/lib.rs
src/main.rs
src/sum.rs
tests/integration/mod.rs
tests/integration/sum.rs
tests/unit/ci-cd/changelog_parsing.rs
tests/unit/ci-cd/mod.rs
tests/unit/ci-cd/workspace_manifest_resolution.rs
tests/unit/mod.rs
tests/unit/sum.rs
web/README.md
web/build/build-workbench.mjs
web/build/dev-server.mjs
web/build/index.template.html
web/build/source-map-stubs.mjs
web/build/stage-pages-disk.mjs
web/cheerpx/README.md
web/disk/Dockerfile.disk
web/disk/README.md
web/disk/build.sh
web/disk/manifest.json
web/extensions/rust-analyzer-web/README.md
web/extensions/rust-analyzer-web/extension.js
web/extensions/rust-analyzer-web/language-configuration.json
web/extensions/rust-analyzer-web/package.json
web/extensions/rust-analyzer-web/package.nls.json
web/extensions/webvm-host/README.md
web/extensions/webvm-host/extension.js
web/extensions/webvm-host/package.json
web/extensions/webvm-host/package.nls.json
web/glue/boot.css
web/glue/boot.js
web/glue/cheerpx-bridge.js
web/glue/coi-bootstrap.js
web/glue/console-filter.js
web/glue/debug.js
web/glue/network-shim.js
web/glue/terminal-stream.js
web/glue/webvm-bus.js
web/glue/webvm-server.js
web/glue/workbench-config.js
web/glue/workspace-fs.js
web/glue/workspace-server.js
web/glue/workspace-sync.js
web/index.html
web/sw.js
web/tests/boot-shell.test.mjs
web/tests/cargo-install.test.mjs
web/tests/cheerpx-bridge.test.mjs
web/tests/cheerpx-vendor-list.test.mjs
web/tests/coi-bootstrap.test.mjs
web/tests/console-filter.test.mjs
web/tests/debug-mode.test.mjs
web/tests/disk-cors.test.mjs
web/tests/disk-staging.test.mjs
web/tests/e2e/live-pages-e2e.test.mjs
web/tests/e2e/local-pages-e2e.test.mjs
web/tests/extension-paths.test.mjs
web/tests/extension-pty-listeners.test.mjs
web/tests/helpers/cheerpx-page-harness.mjs
web/tests/network-shim.test.mjs
web/tests/package-lock.json
web/tests/package.json
web/tests/pages-parity.test.mjs
web/tests/source-map-stubs.test.mjs
web/tests/terminal-stream.test.mjs
web/tests/webvm-bus.test.mjs
web/tests/webvm-server.test.mjs
web/tests/workspace-fs.test.mjs
web/tests/workspace-server.test.mjs
web/tests/workspace-sync.test.mjs
web/vscode-web/README.md
