TAP version 13
# Subtest: stage-pages-disk: writes WebVM GitHubDevice chunks plus .meta
ok 1 - stage-pages-disk: writes WebVM GitHubDevice chunks plus .meta
  ---
  duration_ms: 17.953819
  ...
# Subtest: stage-pages-disk: removes stale chunks before writing a new image
ok 2 - stage-pages-disk: removes stale chunks before writing a new image
  ---
  duration_ms: 8.221662
  ...
# Subtest: stage-pages-disk: keeps a local source image when source lives in output directory
ok 3 - stage-pages-disk: keeps a local source image when source lives in output directory
  ---
  duration_ms: 8.31418
  ...
# Subtest: stage-pages-disk: manifest warm entry is converted to same-origin GitHubDevice layout
ok 4 - stage-pages-disk: manifest warm entry is converted to same-origin GitHubDevice layout
  ---
  duration_ms: 0.538584
  ...
1..4
# tests 4
# suites 0
# pass 4
# fail 0
# cancelled 0
# skipped 0
# todo 0
# duration_ms 106.154303
