TAP version 13
# Subtest: webvm-server: bare-LF stdout is normalised to CRLF on the wire
ok 1 - webvm-server: bare-LF stdout is normalised to CRLF on the wire
  ---
  duration_ms: 9.281739
  ...
# Subtest: webvm-server: existing CRLF passed through, bare CR untouched
ok 2 - webvm-server: existing CRLF passed through, bare CR untouched
  ---
  duration_ms: 5.443368
  ...
# [rust-web-box] workspace prime skipped (opts.skipPrime=true)
# [rust-web-box] interactive shell loop skipped (opts.skipShellLoop=true)
# [rust-web-box] guest workspace sync failed: Error: guest write failed
#     at Object.run (file:///tmp/gh-issue-solver-1778409422575/web/tests/webvm-server.test.mjs:431:15)
#     at file:///tmp/gh-issue-solver-1778409422575/web/glue/webvm-server.js:245:19
# [rust-web-box] workspace prime skipped (opts.skipPrime=true)
# [rust-web-box] interactive shell loop skipped (opts.skipShellLoop=true)
# Subtest: webvm-server: vt channel filtered (only stdout broadcast)
ok 3 - webvm-server: vt channel filtered (only stdout broadcast)
  ---
  duration_ms: 6.127701
  ...
# Subtest: webvm-server: primes /workspace through a /data script, not terminal input
ok 4 - webvm-server: primes /workspace through a /data script, not terminal input
  ---
  duration_ms: 1.717074
  ...
# Subtest: webvm-server: bash profile applies the lean cargo dev profile only on matching disks
ok 5 - webvm-server: bash profile applies the lean cargo dev profile only on matching disks
  ---
  duration_ms: 0.99135
  ...
# Subtest: webvm-server: onPhase callback receives every emitted phase, including ready
ok 6 - webvm-server: onPhase callback receives every emitted phase, including ready
  ---
  duration_ms: 0.675328
  ...
# Subtest: webvm-server: mirrors saved files through /data without typing into the terminal
ok 7 - webvm-server: mirrors saved files through /data without typing into the terminal
  ---
  duration_ms: 0.905883
  ...
# Subtest: webvm-server: failed guest save rejects and leaves JS workspace unchanged
ok 8 - webvm-server: failed guest save rejects and leaves JS workspace unchanged
  ---
  duration_ms: 3.254981
  ...
# [rust-web-box] workspace prime skipped (opts.skipPrime=true)
# [rust-web-box] interactive shell loop skipped (opts.skipShellLoop=true)
# [rust-web-box] workspace prime skipped (opts.skipPrime=true)
# [rust-web-box] interactive shell loop skipped (opts.skipShellLoop=true)
# Subtest: webvm-server: target readDirectory refreshes guest metadata on demand
ok 9 - webvm-server: target readDirectory refreshes guest metadata on demand
  ---
  duration_ms: 4.977593
  ...
# Subtest: webvm-server: non-recursive empty directory delete uses guest rmdir
ok 10 - webvm-server: non-recursive empty directory delete uses guest rmdir
  ---
  duration_ms: 0.827827
  ...
# Subtest: webvm-server: workspace.prime bus method is a no-op when skipPrime is set
ok 11 - webvm-server: workspace.prime bus method is a no-op when skipPrime is set
  ---
  duration_ms: 0.450603
  ...
# Subtest: webvm-server: workspace.prime bus method runs the prime when skipPrime is not set
ok 12 - webvm-server: workspace.prime bus method runs the prime when skipPrime is not set
  ---
  duration_ms: 0.38109
  ...
# [rust-web-box] workspace prime failed: Error: workspace prime timed out after 50ms (suspected CheerpX 1.3.0 OverlayDevice 'a1' hang)
#     at Timeout._onTimeout (file:///tmp/gh-issue-solver-1778409422575/web/glue/webvm-server.js:642:28)
#     at listOnTimeout (node:internal/timers:581:17)
#     at process.processTimers (node:internal/timers:519:7)
# Subtest: webvm-server: bootTask reaches "ready" even when workspace prime hangs
ok 13 - webvm-server: bootTask reaches "ready" even when workspace prime hangs
  ---
  duration_ms: 51.969173
  ...
# Subtest: webvm-server: makeChannelPair sanity
ok 14 - webvm-server: makeChannelPair sanity
  ---
  duration_ms: 0.700576
  ...
1..14
# tests 14
# suites 0
# pass 14
# fail 0
# cancelled 0
# skipped 0
# todo 0
# duration_ms 30099.977147
