TAP version 13
# Subtest: local e2e: workbench boots with COOP/COEP and CheerpX 1.3.0 runs `tree --version`
not ok 1 - local e2e: workbench boots with COOP/COEP and CheerpX 1.3.0 runs `tree --version`
  ---
  duration_ms: 29.094284
  location: '/tmp/gh-issue-solver-1777612343742/web/tests/e2e/local-pages-e2e.test.mjs:83:1'
  failureType: 'testCodeFailure'
  error: 'warm rust-alpine disk is not staged under web/disk/ — run `WARM_DISK_SOURCE_URL=https://github.com/link-foundation/rust-web-box/releases/download/disk-latest/rust-alpine.ext2 node web/build/stage-pages-disk.mjs` first'
  code: 'ERR_TEST_FAILURE'
  stack: |-
    bailIfMissingPrereqs (file:///tmp/gh-issue-solver-1777612343742/web/tests/e2e/local-pages-e2e.test.mjs:71:13)
    TestContext.<anonymous> (file:///tmp/gh-issue-solver-1777612343742/web/tests/e2e/local-pages-e2e.test.mjs:85:7)
    async Test.run (node:internal/test_runner/test:797:9)
    async Test.processPendingSubtests (node:internal/test_runner/test:526:7)
  ...
# Subtest: local e2e: workbench surfaces the warm disk manifest
ok 2 - local e2e: workbench surfaces the warm disk manifest
  ---
  duration_ms: 85.626331
  ...
1..2
# tests 2
# suites 0
# pass 1
# fail 1
# cancelled 0
# skipped 0
# todo 0
# duration_ms 233.672916
