TAP version 13
# Subtest: local e2e: workbench boots with COOP/COEP and CheerpX 1.3.0 runs `tree --version`
ok 1 - local e2e: workbench boots with COOP/COEP and CheerpX 1.3.0 runs `tree --version` # SKIP warm rust-alpine disk not staged; run web/build/stage-pages-disk.mjs to enable local e2e
  ---
  duration_ms: 23.01344
  ...
# Subtest: local e2e: workbench surfaces the warm disk manifest
ok 2 - local e2e: workbench surfaces the warm disk manifest
  ---
  duration_ms: 74.843853
  ...
1..2
# tests 2
# suites 0
# pass 1
# fail 0
# cancelled 0
# skipped 1
# todo 0
# duration_ms 205.11314
