   Compiling proc-macro2 v1.0.103
   Compiling quote v1.0.42
   Compiling unicode-ident v1.0.22
    Checking utf8parse v0.2.2
    Checking anstyle v1.0.14
    Checking colorchoice v1.0.5
    Checking anstyle-parse v0.2.7
    Checking is_terminal_polyfill v1.70.2
   Compiling serde_core v1.0.228
    Checking anstyle-query v1.1.5
   Compiling heck v0.5.0
   Compiling dtor-proc-macro v0.0.5
    Checking anstream v0.6.21
    Checking clap_lex v1.1.0
   Compiling thiserror v1.0.69
    Checking strsim v0.11.1
   Compiling serde v1.0.228
    Checking dtor v0.0.6
   Compiling ctor-proc-macro v0.0.6
    Checking clap_builder v4.5.60
    Checking lino-env v0.1.0
    Checking memchr v2.8.0
    Checking ctor v0.4.3
    Checking dotenvy v0.15.7
    Checking regex-syntax v0.8.10
   Compiling syn v2.0.111
    Checking aho-corasick v1.1.4
    Checking regex-automata v0.4.14
    Checking regex v1.12.3
   Compiling serde_derive v1.0.228
   Compiling clap_derive v4.5.55
   Compiling thiserror-impl v1.0.69
    Checking clap v4.5.60
    Checking lino-arguments v0.3.0
    Checking example-sum-package-name v0.7.0 (/tmp/gh-issue-solver-1777525949126)
    Finished `dev` profile [unoptimized + debuginfo] target(s) in 4.95s
