[2026-05-09T20:48:46Z INFO  rust_script] Arguments: Args { script: Some("scripts/check-version-modification.rs"), script_args: [], expr: false, loop_: false, count: false, base_path: None, pkg_path: None, gen_pkg_only: false, cargo_output: false, clear_cache: false, debug: false, dep: [], extern_: [], force: false, unstable_features: [], build_kind: Normal, toolchain_version: None, wrapper: None }
[2026-05-09T20:48:46Z INFO  rust_script] input: File("check-version-modification", "/tmp/gh-issue-solver-1778358434238/scripts/check-version-modification.rs", "#!/usr/bin/env rust-script\n//! Check for manual version modification in Cargo.toml\n//!\n//! This script prevents manual version changes in pull requests.\n//! Versions should be managed automatically by the CI/CD pipeline\n//! using changelog fragments in changelog.d/.\n//!\n//! Key behavior:\n//! - Detects if `version = \"...\"` line has changed in Cargo.toml\n//! - Fails the CI check if manual version change is detected\n//! - Skips check for automated release branches (changelog-manual-release-*)\n//!\n//! Usage: rust-script scripts/check-version-modification.rs\n//!\n//! Environment variables (set by GitHub Actions):\n//!   - GITHUB_HEAD_REF: The head branch name for PRs\n//!   - GITHUB_BASE_REF: The base branch name for PRs\n//!   - GITHUB_EVENT_NAME: Should be 'pull_request'\n//!\n//! Exit codes:\n//!   - 0: No manual version changes detected (or check skipped)\n//!   - 1: Manual version changes detected\n//!\n//! ```cargo\n//! [dependencies]\n//! regex = \"1\"\n//! ```\n\nuse std::env;\nuse std::path::Path;\nuse std::process::{Command, exit};\nuse regex::Regex;\n\nfn exec(command: &str, args: &[&str]) -> String {\n    match Command::new(command).args(args).output() {\n        Ok(output) => {\n            String::from_utf8_lossy(&output.stdout).trim().to_string()\n        }\n        Err(_) => String::new(),\n    }\n}\n\nfn exec_ignore_error(command: &str, args: &[&str]) {\n    let _ = Command::new(command)\n        .args(args)\n        .stdout(std::process::Stdio::null())\n        .stderr(std::process::Stdio::null())\n        .status();\n}\n\nfn should_skip_version_check() -> bool {\n    let head_ref = env::var(\"GITHUB_HEAD_REF\").unwrap_or_default();\n\n    // Skip for automated release PRs\n    let automated_branch_prefixes = [\n        \"changelog-manual-release-\",\n        \"changeset-release/\",\n        \"release/\",\n        \"automated-release/\",\n    ];\n\n    for prefix in &automated_branch_prefixes {\n        if head_ref.starts_with(prefix) {\n            println!(\"Skipping version check for automated branch: {}\", head_ref);\n            return true;\n        }\n    }\n\n    false\n}\n\nfn get_rust_root() -> String {\n    if let Ok(root) = env::var(\"RUST_ROOT\") {\n        if !root.is_empty() {\n            return root;\n        }\n    }\n\n    if Path::new(\"./Cargo.toml\").exists() {\n        return \".\".to_string();\n    }\n\n    if Path::new(\"./rust/Cargo.toml\").exists() {\n        return \"rust\".to_string();\n    }\n\n    \".\".to_string()\n}\n\nfn get_cargo_toml_path(rust_root: &str) -> String {\n    if rust_root == \".\" {\n        \"Cargo.toml\".to_string()\n    } else {\n        format!(\"{}/Cargo.toml\", rust_root)\n    }\n}\n\nfn get_cargo_toml_diff(cargo_toml_path: &str) -> String {\n    let base_ref = env::var(\"GITHUB_BASE_REF\").unwrap_or_else(|_| \"main\".to_string());\n\n    // Ensure we have the base branch\n    exec_ignore_error(\"git\", &[\"fetch\", \"origin\", &base_ref, \"--depth=1\"]);\n\n    // Get the diff for Cargo.toml\n    exec(\n        \"git\",\n        &[\"diff\", &format!(\"origin/{}...HEAD\", base_ref), \"--\", cargo_toml_path],\n    )\n}\n\nfn has_version_change(diff: &str) -> bool {\n    if diff.is_empty() {\n        return false;\n    }\n\n    // Look for changes to the version line\n    // Match lines that start with + or - followed by version = \"...\"\n    let version_change_pattern = Regex::new(r#\"(?m)^[+-]version\\s*=\\s*\"\"#).unwrap();\n    version_change_pattern.is_match(diff)\n}\n\nfn main() {\n    println!(\"Checking for manual version modifications in Cargo.toml...\\n\");\n\n    // Only run on pull requests\n    let event_name = env::var(\"GITHUB_EVENT_NAME\").unwrap_or_default();\n    if event_name != \"pull_request\" {\n        println!(\"Skipping: Not a pull request event (event: {})\", event_name);\n        exit(0);\n    }\n\n    // Skip for automated release branches\n    if should_skip_version_check() {\n        exit(0);\n    }\n\n    // Get and check the diff\n    let rust_root = get_rust_root();\n    let cargo_toml_path = get_cargo_toml_path(&rust_root);\n    let diff = get_cargo_toml_diff(&cargo_toml_path);\n\n    if diff.is_empty() {\n        println!(\"No changes to Cargo.toml detected.\");\n        println!(\"Version check passed.\");\n        exit(0);\n    }\n\n    // Check for version changes\n    if has_version_change(&diff) {\n        eprintln!(\"Error: Manual version change detected in Cargo.toml!\\n\");\n        eprintln!(\"Versions are managed automatically by the CI/CD pipeline.\");\n        eprintln!(\"Please do not modify the version field directly.\\n\");\n        eprintln!(\"To trigger a release, add a changelog fragment to changelog.d/\");\n        eprintln!(\"with the appropriate bump type (major, minor, or patch).\\n\");\n        eprintln!(\"See changelog.d/README.md for more information.\\n\");\n        eprintln!(\"If you need to undo your version change, run:\");\n        eprintln!(\"  git checkout origin/main -- Cargo.toml\");\n        exit(1);\n    }\n\n    println!(\"Cargo.toml was modified but version field was not changed.\");\n    println!(\"Version check passed.\");\n}\n", "/tmp/gh-issue-solver-1778358434238/scripts")
[2026-05-09T20:48:46Z INFO  rust_script] prelude_items: []
[2026-05-09T20:48:46Z INFO  rust_script] id: "032c0772e2089520499e8409"
[2026-05-09T20:48:46Z INFO  rust_script] pkg_path: "/home/box/.cache/rust-script/projects/032c0772e2089520499e8409"
[2026-05-09T20:48:46Z INFO  rust_script] using_cache: true
[2026-05-09T20:48:46Z INFO  rust_script::manifest] part_mani: {"dependencies": Table({"regex": String("1")})}
[2026-05-09T20:48:46Z INFO  rust_script::manifest] source: None
[2026-05-09T20:48:46Z INFO  rust_script::manifest] manifest: [[bin]]
    name = "check-version-modification_032c0772e2089520499e8409"
    path = "/tmp/gh-issue-solver-1778358434238/scripts/check-version-modification.rs"

    [dependencies]
    regex = "1"

    [package]
    authors = ["Anonymous"]
    edition = "2021"
    name = "check-version-modification_032c0772e2089520499e8409"
    version = "0.1.0"

    [profile.release]
    strip = true

[2026-05-09T20:48:46Z INFO  rust_script] action: InputAction { cargo_output: false, force_compile: false, execute: true, pkg_path: "/home/box/.cache/rust-script/projects/032c0772e2089520499e8409", script_path: "/tmp/gh-issue-solver-1778358434238/scripts/check-version-modification.rs", using_cache: true, toolchain_version: None, debug: false, manifest: "[[bin]]\nname = \"check-version-modification_032c0772e2089520499e8409\"\npath = \"/tmp/gh-issue-solver-1778358434238/scripts/check-version-modification.rs\"\n\n[dependencies]\nregex = \"1\"\n\n[package]\nauthors = [\"Anonymous\"]\nedition = \"2021\"\nname = \"check-version-modification_032c0772e2089520499e8409\"\nversion = \"0.1.0\"\n\n[profile.release]\nstrip = true\n", script: None, build_kind: Normal, bin_name: "check-version-modification_032c0772e2089520499e8409", original_script_path: Some("scripts/check-version-modification.rs") }
[2026-05-09T20:48:46Z INFO  rust_script] creating pkg dir...
[2026-05-09T20:48:46Z INFO  rust_script] generating Cargo package...
[2026-05-09T20:48:46Z DEBUG rust_script] overwrite_file("/home/box/.cache/rust-script/projects/032c0772e2089520499e8409/Cargo.toml", _)
[2026-05-09T20:48:46Z DEBUG rust_script] Equal content
[2026-05-09T20:48:46Z INFO  rust_script] disarming pkg dir cleanup...
[2026-05-09T20:48:46Z DEBUG rust_script] Keeping old binary
Checking for manual version modifications in Cargo.toml...

No changes to Cargo.toml detected.
Version check passed.
