[2026-05-09T20:48:46Z INFO  rust_script] Arguments: Args { script: Some("scripts/check-changelog-fragment.rs"), script_args: [], expr: false, loop_: false, count: false, base_path: None, pkg_path: None, gen_pkg_only: false, cargo_output: false, clear_cache: false, debug: false, dep: [], extern_: [], force: false, unstable_features: [], build_kind: Normal, toolchain_version: None, wrapper: None }
[2026-05-09T20:48:46Z INFO  rust_script] input: File("check-changelog-fragment", "/tmp/gh-issue-solver-1778358434238/scripts/check-changelog-fragment.rs", "#!/usr/bin/env rust-script\n//! Check if a changelog fragment was added in the current PR\n//!\n//! This script validates that a changelog fragment is added in the PR diff,\n//! not just checking if any fragments exist in the directory. This prevents\n//! the check from incorrectly passing when there are leftover fragments\n//! from previous PRs that haven't been released yet.\n//!\n//! Usage: rust-script scripts/check-changelog-fragment.rs\n//!\n//! Environment variables (set by GitHub Actions):\n//!   - GITHUB_BASE_REF: Base branch name for PR (e.g., \"main\")\n//!\n//! Exit codes:\n//!   - 0: Check passed (fragment added or no source changes)\n//!   - 1: Check failed (source changes without changelog fragment)\n//!\n//! ```cargo\n//! [dependencies]\n//! regex = \"1\"\n//! ```\n\nuse std::env;\nuse std::path::Path;\nuse std::process::{Command, exit};\nuse regex::Regex;\n\nfn exec(command: &str, args: &[&str]) -> String {\n    match Command::new(command).args(args).output() {\n        Ok(output) => {\n            if output.status.success() {\n                String::from_utf8_lossy(&output.stdout).trim().to_string()\n            } else {\n                eprintln!(\"Error executing {} {:?}\", command, args);\n                eprintln!(\"{}\", String::from_utf8_lossy(&output.stderr));\n                String::new()\n            }\n        }\n        Err(e) => {\n            eprintln!(\"Failed to execute {} {:?}: {}\", command, args, e);\n            String::new()\n        }\n    }\n}\n\nfn get_rust_root() -> String {\n    if let Ok(root) = env::var(\"RUST_ROOT\") {\n        if !root.is_empty() {\n            return root;\n        }\n    }\n\n    if Path::new(\"./Cargo.toml\").exists() {\n        return \".\".to_string();\n    }\n\n    if Path::new(\"./rust/Cargo.toml\").exists() {\n        return \"rust\".to_string();\n    }\n\n    \".\".to_string()\n}\n\nfn get_changed_files() -> Vec<String> {\n    let base_ref = env::var(\"GITHUB_BASE_REF\").unwrap_or_else(|_| \"main\".to_string());\n    eprintln!(\"Comparing against origin/{}...HEAD\", base_ref);\n\n    let output = exec(\n        \"git\",\n        &[\"diff\", \"--name-only\", &format!(\"origin/{}...HEAD\", base_ref)],\n    );\n\n    if output.is_empty() {\n        return Vec::new();\n    }\n\n    output.lines().filter(|s| !s.is_empty()).map(String::from).collect()\n}\n\nfn is_source_file(file_path: &str, rust_root: &str) -> bool {\n    let prefix = if rust_root == \".\" { String::new() } else { format!(\"{}/\", rust_root) };\n\n    let source_patterns = [\n        Regex::new(&format!(r\"^{}src/\", regex::escape(&prefix))).unwrap(),\n        Regex::new(&format!(r\"^{}tests/\", regex::escape(&prefix))).unwrap(),\n        Regex::new(&format!(r\"^{}?scripts/\", regex::escape(&prefix))).unwrap(),\n        Regex::new(&format!(r\"^{}Cargo\\.toml$\", regex::escape(&prefix))).unwrap(),\n    ];\n\n    source_patterns.iter().any(|pattern| pattern.is_match(file_path))\n}\n\nfn is_changelog_fragment(file_path: &str, rust_root: &str) -> bool {\n    let changelog_dir = if rust_root == \".\" { \"changelog.d/\".to_string() } else { format!(\"{}/changelog.d/\", rust_root) };\n\n    (file_path.starts_with(&changelog_dir) || file_path.starts_with(\"changelog.d/\"))\n        && file_path.ends_with(\".md\")\n        && !file_path.ends_with(\"README.md\")\n}\n\nfn main() {\n    println!(\"Checking for changelog fragment in PR diff...\\n\");\n\n    let rust_root = get_rust_root();\n    if rust_root != \".\" {\n        println!(\"Detected multi-language repository (Rust root: {})\", rust_root);\n    }\n\n    let changed_files = get_changed_files();\n\n    if changed_files.is_empty() {\n        println!(\"No changed files found\");\n        exit(0);\n    }\n\n    println!(\"Changed files:\");\n    for file in &changed_files {\n        println!(\"  {}\", file);\n    }\n    println!();\n\n    // Count source files changed\n    let source_changes: Vec<&String> = changed_files.iter().filter(|f| is_source_file(f, &rust_root)).collect();\n    let source_changed_count = source_changes.len();\n\n    println!(\"Source files changed: {}\", source_changed_count);\n    if source_changed_count > 0 {\n        for file in &source_changes {\n            println!(\"  {}\", file);\n        }\n    }\n    println!();\n\n    // Count changelog fragments added in this PR\n    let fragments_added: Vec<&String> = changed_files\n        .iter()\n        .filter(|f| is_changelog_fragment(f, &rust_root))\n        .collect();\n    let fragment_added_count = fragments_added.len();\n\n    println!(\"Changelog fragments added: {}\", fragment_added_count);\n    if fragment_added_count > 0 {\n        for file in &fragments_added {\n            println!(\"  {}\", file);\n        }\n    }\n    println!();\n\n    // Check if source files changed but no fragment was added\n    if source_changed_count > 0 && fragment_added_count == 0 {\n        eprintln!(\"::error::No changelog fragment found in this PR. Please add a changelog entry in changelog.d/\");\n        eprintln!();\n        eprintln!(\"To create a changelog fragment:\");\n        eprintln!(\"  Create a new .md file in changelog.d/ with your changes\");\n        eprintln!();\n        eprintln!(\"See changelog.d/README.md for more information.\");\n        exit(1);\n    }\n\n    println!(\n        \"Changelog check passed (source files changed: {}, fragments added: {})\",\n        source_changed_count, fragment_added_count\n    );\n}\n", "/tmp/gh-issue-solver-1778358434238/scripts")
[2026-05-09T20:48:46Z INFO  rust_script] prelude_items: []
[2026-05-09T20:48:46Z INFO  rust_script] id: "b6b074913d778fb9c6af3354"
[2026-05-09T20:48:46Z INFO  rust_script] pkg_path: "/home/box/.cache/rust-script/projects/b6b074913d778fb9c6af3354"
[2026-05-09T20:48:46Z INFO  rust_script] using_cache: true
[2026-05-09T20:48:46Z INFO  rust_script::manifest] part_mani: {"dependencies": Table({"regex": String("1")})}
[2026-05-09T20:48:46Z INFO  rust_script::manifest] source: None
[2026-05-09T20:48:46Z INFO  rust_script::manifest] manifest: [[bin]]
    name = "check-changelog-fragment_b6b074913d778fb9c6af3354"
    path = "/tmp/gh-issue-solver-1778358434238/scripts/check-changelog-fragment.rs"

    [dependencies]
    regex = "1"

    [package]
    authors = ["Anonymous"]
    edition = "2021"
    name = "check-changelog-fragment_b6b074913d778fb9c6af3354"
    version = "0.1.0"

    [profile.release]
    strip = true

[2026-05-09T20:48:46Z INFO  rust_script] action: InputAction { cargo_output: false, force_compile: false, execute: true, pkg_path: "/home/box/.cache/rust-script/projects/b6b074913d778fb9c6af3354", script_path: "/tmp/gh-issue-solver-1778358434238/scripts/check-changelog-fragment.rs", using_cache: true, toolchain_version: None, debug: false, manifest: "[[bin]]\nname = \"check-changelog-fragment_b6b074913d778fb9c6af3354\"\npath = \"/tmp/gh-issue-solver-1778358434238/scripts/check-changelog-fragment.rs\"\n\n[dependencies]\nregex = \"1\"\n\n[package]\nauthors = [\"Anonymous\"]\nedition = \"2021\"\nname = \"check-changelog-fragment_b6b074913d778fb9c6af3354\"\nversion = \"0.1.0\"\n\n[profile.release]\nstrip = true\n", script: None, build_kind: Normal, bin_name: "check-changelog-fragment_b6b074913d778fb9c6af3354", original_script_path: Some("scripts/check-changelog-fragment.rs") }
[2026-05-09T20:48:46Z INFO  rust_script] creating pkg dir...
[2026-05-09T20:48:46Z INFO  rust_script] generating Cargo package...
[2026-05-09T20:48:46Z DEBUG rust_script] overwrite_file("/home/box/.cache/rust-script/projects/b6b074913d778fb9c6af3354/Cargo.toml", _)
[2026-05-09T20:48:46Z DEBUG rust_script] Equal content
[2026-05-09T20:48:46Z INFO  rust_script] disarming pkg dir cleanup...
[2026-05-09T20:48:46Z DEBUG rust_script] Keeping old binary
Checking for changelog fragment in PR diff...

Comparing against origin/main...HEAD
Changed files:
  .gitkeep
  Cargo.lock
  changelog.d/20260509_203000_issue_29_target_refresh_and_command_save.md
  docs/case-studies/issue-29/README.md
  docs/case-studies/issue-29/evidence/bash-sync-hook-syntax.log
  docs/case-studies/issue-29/evidence/cargo-clippy.log
  docs/case-studies/issue-29/evidence/cargo-fmt-check.log
  docs/case-studies/issue-29/evidence/cargo-test-all-features.log
  docs/case-studies/issue-29/evidence/cargo-test-doc.log
  docs/case-studies/issue-29/evidence/check-changelog-fragment.log
  docs/case-studies/issue-29/evidence/check-file-size.log
  docs/case-studies/issue-29/evidence/check-version-modification.log
  docs/case-studies/issue-29/evidence/focused-web-tests.log
  docs/case-studies/issue-29/evidence/git-diff-check.log
  docs/case-studies/issue-29/evidence/issue-29-comments.json
  docs/case-studies/issue-29/evidence/issue-29.json
  docs/case-studies/issue-29/evidence/node-web-tests.log
  docs/case-studies/issue-29/evidence/pr-30-conversation-comments.json
  docs/case-studies/issue-29/evidence/pr-30-review-comments.json
  docs/case-studies/issue-29/evidence/pr-30-reviews.json
  docs/case-studies/issue-29/evidence/pr-30.json
  docs/case-studies/issue-29/online-research.md
  docs/case-studies/issue-29/raw/issue-29-screenshot.png
  web/disk/Dockerfile.disk
  web/extensions/webvm-host/extension.js
  web/glue/webvm-server.js
  web/glue/workspace-sync.js
  web/tests/e2e/live-pages-e2e.test.mjs
  web/tests/e2e/local-pages-e2e.test.mjs
  web/tests/extension-pty-listeners.test.mjs
  web/tests/webvm-server.test.mjs
  web/tests/workspace-sync.test.mjs

Source files changed: 0

Changelog fragments added: 1
  changelog.d/20260509_203000_issue_29_target_refresh_and_command_save.md

Changelog check passed (source files changed: 0, fragments added: 1)
