TAP version 13
# Subtest: local e2e: workbench boots with COOP/COEP and CheerpX 1.3.0 runs `tree --version`
not ok 1 - local e2e: workbench boots with COOP/COEP and CheerpX 1.3.0 runs `tree --version`
  ---
  duration_ms: 2.234171
  location: '/tmp/gh-issue-solver-1778358434238/web/tests/e2e/local-pages-e2e.test.mjs:108:1'
  failureType: 'testCodeFailure'
  error: "Cannot find package 'browser-commander' imported from /tmp/gh-issue-solver-1778358434238/web/tests/helpers/cheerpx-page-harness.mjs"
  code: 'ERR_MODULE_NOT_FOUND'
  stack: |-
    packageResolve (node:internal/modules/esm/resolve:873:9)
    moduleResolve (node:internal/modules/esm/resolve:946:18)
    defaultResolve (node:internal/modules/esm/resolve:1188:11)
    ModuleLoader.defaultResolve (node:internal/modules/esm/loader:708:12)
    #cachedDefaultResolve (node:internal/modules/esm/loader:657:25)
    ModuleLoader.resolve (node:internal/modules/esm/loader:640:38)
    ModuleLoader.getModuleJobForImport (node:internal/modules/esm/loader:264:38)
    ModuleLoader.import (node:internal/modules/esm/loader:605:34)
    defaultImportModuleDynamicallyForModule (node:internal/modules/esm/utils:221:31)
    importModuleDynamicallyCallback (node:internal/modules/esm/utils:260:12)
  ...
# Subtest: local e2e: workbench surfaces the warm disk manifest
not ok 2 - local e2e: workbench surfaces the warm disk manifest
  ---
  duration_ms: 0.401859
  location: '/tmp/gh-issue-solver-1778358434238/web/tests/e2e/local-pages-e2e.test.mjs:205:1'
  failureType: 'testCodeFailure'
  error: "Cannot find package 'browser-commander' imported from /tmp/gh-issue-solver-1778358434238/web/tests/helpers/cheerpx-page-harness.mjs"
  code: 'ERR_MODULE_NOT_FOUND'
  stack: |-
    packageResolve (node:internal/modules/esm/resolve:873:9)
    moduleResolve (node:internal/modules/esm/resolve:946:18)
    defaultResolve (node:internal/modules/esm/resolve:1188:11)
    ModuleLoader.defaultResolve (node:internal/modules/esm/loader:708:12)
    #cachedDefaultResolve (node:internal/modules/esm/loader:657:25)
    ModuleLoader.resolve (node:internal/modules/esm/loader:640:38)
    ModuleLoader.getModuleJobForImport (node:internal/modules/esm/loader:264:38)
    ModuleLoader.import (node:internal/modules/esm/loader:605:34)
    defaultImportModuleDynamicallyForModule (node:internal/modules/esm/utils:221:31)
    importModuleDynamicallyCallback (node:internal/modules/esm/utils:260:12)
  ...
# Subtest: local e2e: proc.stdout emit pipeline is single-delivery and disposers detach listeners (issue \#27)
not ok 3 - local e2e: proc.stdout emit pipeline is single-delivery and disposers detach listeners (issue \#27)
  ---
  duration_ms: 0.360077
  location: '/tmp/gh-issue-solver-1778358434238/web/tests/e2e/local-pages-e2e.test.mjs:231:1'
  failureType: 'testCodeFailure'
  error: "Cannot find package 'browser-commander' imported from /tmp/gh-issue-solver-1778358434238/web/tests/helpers/cheerpx-page-harness.mjs"
  code: 'ERR_MODULE_NOT_FOUND'
  stack: |-
    packageResolve (node:internal/modules/esm/resolve:873:9)
    moduleResolve (node:internal/modules/esm/resolve:946:18)
    defaultResolve (node:internal/modules/esm/resolve:1188:11)
    ModuleLoader.defaultResolve (node:internal/modules/esm/loader:708:12)
    #cachedDefaultResolve (node:internal/modules/esm/loader:657:25)
    ModuleLoader.resolve (node:internal/modules/esm/loader:640:38)
    ModuleLoader.getModuleJobForImport (node:internal/modules/esm/loader:264:38)
    ModuleLoader.import (node:internal/modules/esm/loader:605:34)
    defaultImportModuleDynamicallyForModule (node:internal/modules/esm/utils:221:31)
    importModuleDynamicallyCallback (node:internal/modules/esm/utils:260:12)
  ...
1..3
# tests 3
# suites 0
# pass 0
# fail 3
# cancelled 0
# skipped 0
# todo 0
# duration_ms 52.537556
